<?xml version="1.0" encoding="UTF-8"?>
<testng-results ignored="0" total="1" passed="1" failed="0" skipped="0">
  <reporter-output>
  </reporter-output>
  <suite started-at="2025-07-06T23:23:03 IST" name="SampleSuite" finished-at="2025-07-06T23:23:43 IST" duration-ms="39939">
    <groups>
    </groups>
    <test started-at="2025-07-06T23:23:03 IST" name="DummySiteTests" finished-at="2025-07-06T23:23:43 IST" duration-ms="39939">
      <class name="tests.DummySiteTests">
        <test-method is-config="true" signature="setUp()[pri:0, instance:tests.DummySiteTests@14dd9eb7]" started-at="2025-07-06T23:23:03 IST" name="setUp" finished-at="2025-07-06T23:23:39 IST" duration-ms="35927" status="PASS">
          <reporter-output>
          </reporter-output>
        </test-method> <!-- setUp -->
        <test-method signature="testGoogle()[pri:0, instance:tests.DummySiteTests@14dd9eb7]" started-at="2025-07-06T23:23:39 IST" name="testGoogle" finished-at="2025-07-06T23:23:42 IST" duration-ms="2629" status="PASS">
          <reporter-output>
          </reporter-output>
        </test-method> <!-- testGoogle -->
        <test-method is-config="true" signature="close()[pri:0, instance:tests.DummySiteTests@14dd9eb7]" started-at="2025-07-06T23:23:42 IST" name="close" finished-at="2025-07-06T23:23:43 IST" duration-ms="1269" status="PASS">
          <reporter-output>
          </reporter-output>
        </test-method> <!-- close -->
      </class> <!-- tests.DummySiteTests -->
    </test> <!-- DummySiteTests -->
  </suite> <!-- SampleSuite -->
</testng-results>
